<?xml version="1.0" encoding="UTF-8"?>
<!-- Generated by org.testng.reporters.JUnitReportReporter -->
<testsuite hostname="sliu-PC" name="test.NewTest" tests="1" failures="0" timestamp="30 Sep 2016 02:34:23 GMT" time="41.821" errors="0">
  <testcase name="f" time="41.821" classname="test.NewTest"/>
</testsuite> <!-- test.NewTest -->
